-- The CXX compiler identification is GNU 11.4.0
-- Detecting CXX compiler ABI info
-- Detecting CXX compiler ABI info - done
-- Check for working CXX compiler: /usr/bin/c++ - skipped
-- Detecting CXX compile features
-- Detecting CXX compile features - done
No transport adapter was selected, using libcurl as the default option for POSIX.
-- Looking for C++ include pthread.h
-- Looking for C++ include pthread.h - found
-- Performing Test CMAKE_HAVE_LIBC_PTHREAD
-- Performing Test CMAKE_HAVE_LIBC_PTHREAD - Success
-- Found Threads: TRUE  
-- Found CURL: /usr/lib/x86_64-linux-gnu/libcurl.so (found suitable version "7.81.0", minimum required is "7.44")  
Libcurl version 7.81.0
-- Found OpenSSL: /usr/lib/x86_64-linux-gnu/libcrypto.so (found version "3.0.2")  
-- Retrieving version from /workspaces/azure-sdk-for-cpp-demo/build/_deps/azuresdk-src/sdk/core/azure-core/src/private/package_version.hpp
-- VERSION_MAJOR 1
-- VERSION_MINOR 7
-- VERSION_PATCH 0
-- VERSION_PRERELEASE beta.2
-- AZ_LIBRARY_VERSION 
-- Retrieving version from /workspaces/azure-sdk-for-cpp-demo/build/_deps/azuresdk-src/sdk/attestation/azure-security-attestation/src/private/package_version.hpp
-- VERSION_MAJOR 1
-- VERSION_MINOR 0
-- VERSION_PATCH 0
-- VERSION_PRERELEASE beta.3
-- AZ_LIBRARY_VERSION 
-- Retrieving version from /workspaces/azure-sdk-for-cpp-demo/build/_deps/azuresdk-src/sdk/identity/azure-identity/src/private/package_version.hpp
-- VERSION_MAJOR 1
-- VERSION_MINOR 3
-- VERSION_PATCH 0
-- VERSION_PRERELEASE beta.3
-- AZ_LIBRARY_VERSION 
-- Retrieving version from /workspaces/azure-sdk-for-cpp-demo/build/_deps/azuresdk-src/sdk/keyvault/azure-security-keyvault-keys/src/private/package_version.hpp
-- VERSION_MAJOR 4
-- VERSION_MINOR 3
-- VERSION_PATCH 0
-- VERSION_PRERELEASE beta.1
-- AZ_LIBRARY_VERSION 
-- Retrieving version from /workspaces/azure-sdk-for-cpp-demo/build/_deps/azuresdk-src/sdk/keyvault/azure-security-keyvault-secrets/src/private/package_version.hpp
-- VERSION_MAJOR 4
-- VERSION_MINOR 0
-- VERSION_PATCH 0
-- VERSION_PRERELEASE beta.3
-- AZ_LIBRARY_VERSION 
-- Retrieving version from /workspaces/azure-sdk-for-cpp-demo/build/_deps/azuresdk-src/sdk/keyvault/azure-security-keyvault-certificates/src/private/package_version.hpp
-- VERSION_MAJOR 4
-- VERSION_MINOR 0
-- VERSION_PATCH 0
-- VERSION_PRERELEASE beta.3
-- AZ_LIBRARY_VERSION 
-- Found LibXml2: /usr/lib/x86_64-linux-gnu/libxml2.so (found version "2.9.13") 
-- Retrieving version from /workspaces/azure-sdk-for-cpp-demo/build/_deps/azuresdk-src/sdk/storage/azure-storage-common/src/private/package_version.hpp
-- VERSION_MAJOR 12
-- VERSION_MINOR 3
-- VERSION_PATCH 0
-- VERSION_PRERELEASE beta.1
-- AZ_LIBRARY_VERSION 
-- Retrieving version from /workspaces/azure-sdk-for-cpp-demo/build/_deps/azuresdk-src/sdk/storage/azure-storage-blobs/src/private/package_version.hpp
-- VERSION_MAJOR 12
-- VERSION_MINOR 5
-- VERSION_PATCH 0
-- VERSION_PRERELEASE beta.1
-- AZ_LIBRARY_VERSION 
-- Retrieving version from /workspaces/azure-sdk-for-cpp-demo/build/_deps/azuresdk-src/sdk/storage/azure-storage-files-datalake/src/private/package_version.hpp
-- VERSION_MAJOR 12
-- VERSION_MINOR 4
-- VERSION_PATCH 0
-- VERSION_PRERELEASE beta.1
-- AZ_LIBRARY_VERSION 
-- Retrieving version from /workspaces/azure-sdk-for-cpp-demo/build/_deps/azuresdk-src/sdk/storage/azure-storage-files-shares/src/private/package_version.hpp
-- VERSION_MAJOR 12
-- VERSION_MINOR 3
-- VERSION_PATCH 0
-- VERSION_PRERELEASE beta.1
-- AZ_LIBRARY_VERSION 
-- Retrieving version from /workspaces/azure-sdk-for-cpp-demo/build/_deps/azuresdk-src/sdk/storage/azure-storage-queues/src/private/package_version.hpp
-- VERSION_MAJOR 12
-- VERSION_MINOR 1
-- VERSION_PATCH 0
-- VERSION_PRERELEASE beta.1
-- AZ_LIBRARY_VERSION 
-- Retrieving version from /workspaces/azure-sdk-for-cpp-demo/build/_deps/azuresdk-src/sdk/template/azure-template/src/private/package_version.hpp
-- VERSION_MAJOR 1
-- VERSION_MINOR 0
-- VERSION_PATCH 0
-- VERSION_PRERELEASE 
-- AZ_LIBRARY_VERSION 
-- Configuring done
-- Generating done
-- Build files have been written to: /workspaces/azure-sdk-for-cpp-demo/build
